#
# There is insufficient memory for the Java Runtime Environment to continue.
# Native memory allocation (malloc) failed to allocate 1605136 bytes for Chunk::new
# Possible reasons:
#   The system is out of physical RAM or swap space
#   In 32 bit mode, the process size limit was hit
# Possible solutions:
#   Reduce memory load on the system
#   Increase physical memory or swap space
#   Check if swap backing store is full
#   Use 64 bit Java on a 64 bit OS
#   Decrease Java heap size (-Xmx/-Xms)
#   Decrease number of Java threads
#   Decrease Java thread stack sizes (-Xss)
#   Set larger code cache with -XX:ReservedCodeCacheSize=
# This output file may be truncated or incomplete.
#
#  Out of Memory Error (allocation.cpp:390), pid=5264, tid=0x00000000000038e0
#
# JRE version: Java(TM) SE Runtime Environment (8.0_111-b14) (build 1.8.0_111-b14)
# Java VM: Java HotSpot(TM) 64-Bit Server VM (25.111-b14 mixed mode windows-amd64 compressed oops)
# Failed to write core dump. Minidumps are not enabled by default on client versions of Windows
#

---------------  T H R E A D  ---------------

Current thread (0x000000001ea67800):  JavaThread "C2 CompilerThread2" daemon [_thread_in_native, id=14560, stack(0x000000001f430000,0x000000001f530000)]

Stack: [0x000000001f430000,0x000000001f530000]
[error occurred during error reporting (printing stack bounds), id 0xc0000005]

Native frames: (J=compiled Java code, j=interpreted, Vv=VM code, C=native code)


Current CompileTask:
C2:  22416 8129       4       com.sun.tools.javac.comp.Check::checkType (188 bytes)


---------------  P R O C E S S  ---------------

Java Threads: ( => current thread )
  0x0000000023bfe800 JavaThread "File lock request listener" [_thread_in_native, id=14016, stack(0x0000000024ef0000,0x0000000024ff0000)]
  0x0000000021485000 JavaThread "pool-1-thread-1" [_thread_blocked, id=10232, stack(0x0000000020030000,0x0000000020130000)]
  0x000000001eaf6800 JavaThread "Service Thread" daemon [_thread_blocked, id=11872, stack(0x000000001f630000,0x000000001f730000)]
  0x000000001ea6c800 JavaThread "C1 CompilerThread3" daemon [_thread_blocked, id=13864, stack(0x000000001f530000,0x000000001f630000)]
=>0x000000001ea67800 JavaThread "C2 CompilerThread2" daemon [_thread_in_native, id=14560, stack(0x000000001f430000,0x000000001f530000)]
  0x000000001ea5b800 JavaThread "C2 CompilerThread1" daemon [_thread_in_native, id=10988, stack(0x000000001f330000,0x000000001f430000)]
  0x000000001ea58800 JavaThread "C2 CompilerThread0" daemon [_thread_in_native, id=8128, stack(0x000000001f230000,0x000000001f330000)]
  0x000000001ea56000 JavaThread "Attach Listener" daemon [_thread_blocked, id=14040, stack(0x000000001f130000,0x000000001f230000)]
  0x000000001ea55000 JavaThread "Signal Dispatcher" daemon [_thread_blocked, id=5524, stack(0x000000001f030000,0x000000001f130000)]
  0x00000000030ce000 JavaThread "Finalizer" daemon [_thread_blocked, id=6416, stack(0x000000001ee30000,0x000000001ef30000)]
  0x00000000030c7000 JavaThread "Reference Handler" daemon [_thread_blocked, id=6620, stack(0x000000001e930000,0x000000001ea30000)]
  0x0000000002fd0800 JavaThread "main" [_thread_in_Java, id=10072, stack(0x0000000002ed0000,0x0000000002fd0000)]

Other Threads:
  0x000000001cb69800 VMThread [stack: 0x000000001e830000,0x000000001e930000] [id=400]
  0x000000001eb03000 WatcherThread [stack: 0x000000001f730000,0x000000001f830000] [id=12696]

VM state:not at safepoint (normal execution)

VM Mutex/Monitor currently owned by a thread: None

Heap:
 PSYoungGen      total 688640K, used 477274K [0x000000076af80000, 0x0000000796680000, 0x00000007c0000000)
  eden space 665600K, 71% used [0x000000076af80000,0x0000000788132a28,0x0000000793980000)
  from space 23040K, 1% used [0x0000000793980000,0x00000007939e4020,0x0000000795000000)
  to   space 4096K, 0% used [0x0000000796280000,0x0000000796280000,0x0000000796680000)
 ParOldGen       total 120320K, used 50769K [0x00000006c0e00000, 0x00000006c8380000, 0x000000076af80000)
  object space 120320K, 42% used [0x00000006c0e00000,0x00000006c3f94678,0x00000006c8380000)
 Metaspace       used 47164K, capacity 47924K, committed 48216K, reserved 1091584K
  class space    used 6292K, capacity 6521K, committed 6528K, reserved 1048576K

Card table byte_map: [0x0000000012490000,0x0000000012c90000] byte_map_base: 0x000000000ee89000

Marking Bits: (ParMarkBitMap*) 0x00000000650fa6c0
 Begin Bits: [0x00000000139f0000, 0x00000000179b8000)
 End Bits:   [0x00000000179b8000, 0x000000001b980000)

Polling page: 0x0000000001590000

CodeCache: size=245760Kb used=29643Kb max_used=29643Kb free=216116Kb
 bounds [0x00000000030d0000, 0x0000000004de0000, 0x00000000120d0000]
 total_blobs=8216 nmethods=7493 adapters=632
 compilation: enabled

Compilation events (10 events):
Event: 22.402 Thread 0x000000001ea6c800 8297       2       com.sun.tools.javac.jvm.Gen::visitMethodDef (59 bytes)
Event: 22.402 Thread 0x000000001ea6c800 nmethod 8297 0x0000000004dc8b10 code [0x0000000004dc8d20, 0x0000000004dc9328]
Event: 22.402 Thread 0x000000001ea6c800 8298   !   2       com.sun.tools.javac.jvm.Gen::genMethod (455 bytes)
Event: 22.405 Thread 0x000000001ea6c800 nmethod 8298 0x0000000004dd3310 code [0x0000000004dd36c0, 0x0000000004dd48f8]
Event: 22.405 Thread 0x000000001ea6c800 8299       3       com.sun.tools.javac.comp.Attr::checkAssignable (111 bytes)
Event: 22.406 Thread 0x000000001ea5b800 nmethod 8140 0x0000000004dd7a90 code [0x0000000004dd7c20, 0x0000000004dd8098]
Event: 22.406 Thread 0x000000001ea5b800 8293       4       com.sun.tools.javac.comp.Lower::translate (47 bytes)
Event: 22.406 Thread 0x000000001ea6c800 nmethod 8299 0x0000000004dd8710 code [0x0000000004dd8980, 0x0000000004dd9ce8]
Event: 22.408 Thread 0x000000001ea6c800 8302       2       com.sun.tools.javac.code.Type$WildcardType::isExtendsBound (26 bytes)
Event: 22.408 Thread 0x000000001ea6c800 nmethod 8302 0x0000000004dd1590 code [0x0000000004dd16e0, 0x0000000004dd1870]

GC Heap History (10 events):
Event: 11.902 GC heap before
{Heap before GC invocations=13 (full 2):
 PSYoungGen      total 463360K, used 463328K [0x000000076af80000, 0x0000000788c00000, 0x00000007c0000000)
  eden space 445952K, 100% used [0x000000076af80000,0x0000000786300000,0x0000000786300000)
  from space 17408K, 99% used [0x0000000787700000,0x00000007887f80d0,0x0000000788800000)
  to   space 20480K, 0% used [0x0000000786300000,0x0000000786300000,0x0000000787700000)
 ParOldGen       total 120320K, used 33254K [0x00000006c0e00000, 0x00000006c8380000, 0x000000076af80000)
  object space 120320K, 27% used [0x00000006c0e00000,0x00000006c2e79ba8,0x00000006c8380000)
 Metaspace       used 39936K, capacity 40582K, committed 40920K, reserved 1085440K
  class space    used 5579K, capacity 5773K, committed 5888K, reserved 1048576K
Event: 11.911 GC heap after
Heap after GC invocations=13 (full 2):
 PSYoungGen      total 466432K, used 160K [0x000000076af80000, 0x0000000791000000, 0x00000007c0000000)
  eden space 445952K, 0% used [0x000000076af80000,0x000000076af80000,0x0000000786300000)
  from space 20480K, 0% used [0x0000000786300000,0x0000000786328000,0x0000000787700000)
  to   space 22016K, 0% used [0x000000078fa80000,0x000000078fa80000,0x0000000791000000)
 ParOldGen       total 120320K, used 50713K [0x00000006c0e00000, 0x00000006c8380000, 0x000000076af80000)
  object space 120320K, 42% used [0x00000006c0e00000,0x00000006c3f86678,0x00000006c8380000)
 Metaspace       used 39936K, capacity 40582K, committed 40920K, reserved 1085440K
  class space    used 5579K, capacity 5773K, committed 5888K, reserved 1048576K
}
Event: 13.247 GC heap before
{Heap before GC invocations=14 (full 2):
 PSYoungGen      total 466432K, used 446112K [0x000000076af80000, 0x0000000791000000, 0x00000007c0000000)
  eden space 445952K, 100% used [0x000000076af80000,0x0000000786300000,0x0000000786300000)
  from space 20480K, 0% used [0x0000000786300000,0x0000000786328000,0x0000000787700000)
  to   space 22016K, 0% used [0x000000078fa80000,0x000000078fa80000,0x0000000791000000)
 ParOldGen       total 120320K, used 50713K [0x00000006c0e00000, 0x00000006c8380000, 0x000000076af80000)
  object space 120320K, 42% used [0x00000006c0e00000,0x00000006c3f86678,0x00000006c8380000)
 Metaspace       used 39936K, capacity 40582K, committed 40920K, reserved 1085440K
  class space    used 5579K, capacity 5773K, committed 5888K, reserved 1048576K
Event: 13.248 GC heap after
Heap after GC invocations=14 (full 2):
 PSYoungGen      total 566272K, used 224K [0x000000076af80000, 0x000000078ff80000, 0x00000007c0000000)
  eden space 561152K, 0% used [0x000000076af80000,0x000000076af80000,0x000000078d380000)
  from space 5120K, 4% used [0x000000078fa80000,0x000000078fab8000,0x000000078ff80000)
  to   space 22528K, 0% used [0x000000078d380000,0x000000078d380000,0x000000078e980000)
 ParOldGen       total 120320K, used 50761K [0x00000006c0e00000, 0x00000006c8380000, 0x000000076af80000)
  object space 120320K, 42% used [0x00000006c0e00000,0x00000006c3f92678,0x00000006c8380000)
 Metaspace       used 39936K, capacity 40582K, committed 40920K, reserved 1085440K
  class space    used 5579K, capacity 5773K, committed 5888K, reserved 1048576K
}
Event: 14.910 GC heap before
{Heap before GC invocations=15 (full 2):
 PSYoungGen      total 566272K, used 561376K [0x000000076af80000, 0x000000078ff80000, 0x00000007c0000000)
  eden space 561152K, 100% used [0x000000076af80000,0x000000078d380000,0x000000078d380000)
  from space 5120K, 4% used [0x000000078fa80000,0x000000078fab8000,0x000000078ff80000)
  to   space 22528K, 0% used [0x000000078d380000,0x000000078d380000,0x000000078e980000)
 ParOldGen       total 120320K, used 50761K [0x00000006c0e00000, 0x00000006c8380000, 0x000000076af80000)
  object space 120320K, 42% used [0x00000006c0e00000,0x00000006c3f92678,0x00000006c8380000)
 Metaspace       used 39937K, capacity 40582K, committed 40920K, reserved 1085440K
  class space    used 5579K, capacity 5773K, committed 5888K, reserved 1048576K
Event: 14.912 GC heap after
Heap after GC invocations=15 (full 2):
 PSYoungGen      total 583680K, used 192K [0x000000076af80000, 0x0000000797900000, 0x00000007c0000000)
  eden space 561152K, 0% used [0x000000076af80000,0x000000076af80000,0x000000078d380000)
  from space 22528K, 0% used [0x000000078d380000,0x000000078d3b0000,0x000000078e980000)
  to   space 23040K, 0% used [0x0000000796280000,0x0000000796280000,0x0000000797900000)
 ParOldGen       total 120320K, used 50761K [0x00000006c0e00000, 0x00000006c8380000, 0x000000076af80000)
  object space 120320K, 42% used [0x00000006c0e00000,0x00000006c3f92678,0x00000006c8380000)
 Metaspace       used 39937K, capacity 40582K, committed 40920K, reserved 1085440K
  class space    used 5579K, capacity 5773K, committed 5888K, reserved 1048576K
}
Event: 16.235 GC heap before
{Heap before GC invocations=16 (full 2):
 PSYoungGen      total 583680K, used 561344K [0x000000076af80000, 0x0000000797900000, 0x00000007c0000000)
  eden space 561152K, 100% used [0x000000076af80000,0x000000078d380000,0x000000078d380000)
  from space 22528K, 0% used [0x000000078d380000,0x000000078d3b0000,0x000000078e980000)
  to   space 23040K, 0% used [0x0000000796280000,0x0000000796280000,0x0000000797900000)
 ParOldGen       total 120320K, used 50761K [0x00000006c0e00000, 0x00000006c8380000, 0x000000076af80000)
  object space 120320K, 42% used [0x00000006c0e00000,0x00000006c3f92678,0x00000006c8380000)
 Metaspace       used 39943K, capacity 40582K, committed 40920K, reserved 1085440K
  class space    used 5579K, capacity 5773K, committed 5888K, reserved 1048576K
Event: 16.236 GC heap after
Heap after GC invocations=16 (full 2):
 PSYoungGen      total 669696K, used 192K [0x000000076af80000, 0x0000000796680000, 0x00000007c0000000)
  eden space 665600K, 0% used [0x000000076af80000,0x000000076af80000,0x0000000793980000)
  from space 4096K, 4% used [0x0000000796280000,0x00000007962b0000,0x0000000796680000)
  to   space 23040K, 0% used [0x0000000793980000,0x0000000793980000,0x0000000795000000)
 ParOldGen       total 120320K, used 50761K [0x00000006c0e00000, 0x00000006c8380000, 0x000000076af80000)
  object space 120320K, 42% used [0x00000006c0e00000,0x00000006c3f92678,0x00000006c8380000)
 Metaspace       used 39943K, capacity 40582K, committed 40920K, reserved 1085440K
  class space    used 5579K, capacity 5773K, committed 5888K, reserved 1048576K
}
Event: 17.853 GC heap before
{Heap before GC invocations=17 (full 2):
 PSYoungGen      total 669696K, used 665792K [0x000000076af80000, 0x0000000796680000, 0x00000007c0000000)
  eden space 665600K, 100% used [0x000000076af80000,0x0000000793980000,0x0000000793980000)
  from space 4096K, 4% used [0x0000000796280000,0x00000007962b0000,0x0000000796680000)
  to   space 23040K, 0% used [0x0000000793980000,0x0000000793980000,0x0000000795000000)
 ParOldGen       total 120320K, used 50761K [0x00000006c0e00000, 0x00000006c8380000, 0x000000076af80000)
  object space 120320K, 42% used [0x00000006c0e00000,0x00000006c3f92678,0x00000006c8380000)
 Metaspace       used 39973K, capacity 40612K, committed 40920K, reserved 1085440K
  class space    used 5582K, capacity 5778K, committed 5888K, reserved 1048576K
Event: 17.855 GC heap after
Heap after GC invocations=17 (full 2):
 PSYoungGen      total 688640K, used 400K [0x000000076af80000, 0x0000000796680000, 0x00000007c0000000)
  eden space 665600K, 0% used [0x000000076af80000,0x000000076af80000,0x0000000793980000)
  from space 23040K, 1% used [0x0000000793980000,0x00000007939e4020,0x0000000795000000)
  to   space 4096K, 0% used [0x0000000796280000,0x0000000796280000,0x0000000796680000)
 ParOldGen       total 120320K, used 50769K [0x00000006c0e00000, 0x00000006c8380000, 0x000000076af80000)
  object space 120320K, 42% used [0x00000006c0e00000,0x00000006c3f94678,0x00000006c8380000)
 Metaspace       used 39973K, capacity 40612K, committed 40920K, reserved 1085440K
  class space    used 5582K, capacity 5778K, committed 5888K, reserved 1048576K
}

Deoptimization events (10 events):
Event: 22.155 Thread 0x0000000002fd0800 Uncommon trap: reason=unstable_if action=reinterpret pc=0x0000000004c89db0 method=com.sun.tools.javac.code.Types$19.visitClassType(Lcom/sun/tools/javac/code/Type$ClassType;Ljava/lang/Void;)Lcom/sun/tools/javac/util/List; @ 67
Event: 22.217 Thread 0x0000000002fd0800 Uncommon trap: reason=unstable_if action=reinterpret pc=0x0000000004ced69c method=com.sun.tools.javac.comp.Attr.visitIdent(Lcom/sun/tools/javac/tree/JCTree$JCIdent;)V @ 513
Event: 22.272 Thread 0x0000000002fd0800 Uncommon trap: reason=unstable_if action=reinterpret pc=0x0000000004cfcf5c method=com.sun.tools.javac.tree.TreeInfo.getStartPos(Lcom/sun/tools/javac/tree/JCTree;)I @ 581
Event: 22.274 Thread 0x0000000002fd0800 Uncommon trap: reason=unstable_if action=reinterpret pc=0x0000000004b75cbc method=com.sun.tools.javac.comp.Resolve.isAccessible(Lcom/sun/tools/javac/comp/Env;Lcom/sun/tools/javac/code/Symbol$TypeSymbol;Z)Z @ 202
Event: 22.281 Thread 0x0000000002fd0800 Uncommon trap: reason=bimorphic action=maybe_recompile pc=0x0000000004c667b8 method=com.sun.tools.javac.code.Type.isCompound()Z @ 14
Event: 22.281 Thread 0x0000000002fd0800 Uncommon trap: reason=bimorphic action=maybe_recompile pc=0x0000000004c667b8 method=com.sun.tools.javac.code.Type.isCompound()Z @ 14
Event: 22.291 Thread 0x0000000002fd0800 Uncommon trap: reason=unstable_if action=reinterpret pc=0x000000000478add0 method=com.sun.tools.javac.code.Types.isSignaturePolymorphic(Lcom/sun/tools/javac/code/Symbol$MethodSymbol;)Z @ 35
Event: 22.317 Thread 0x0000000002fd0800 Uncommon trap: reason=bimorphic action=maybe_recompile pc=0x0000000004c667b8 method=com.sun.tools.javac.code.Type.isCompound()Z @ 14
Event: 22.317 Thread 0x0000000002fd0800 Uncommon trap: reason=bimorphic action=maybe_recompile pc=0x0000000004c667b8 method=com.sun.tools.javac.code.Type.isCompound()Z @ 14
Event: 22.397 Thread 0x0000000002fd0800 Uncommon trap: reason=unstable_if action=reinterpret pc=0x0000000004d56b54 method=com.sun.tools.javac.code.Types.isSubtypeUncheckedInternal(Lcom/sun/tools/javac/code/Type;Lcom/sun/tools/javac/code/Type;Lcom/sun/tools/javac/util/Warner;)Z @ 110

Internal exceptions (10 events):
Event: 19.335 Thread 0x0000000002fd0800 Exception <a 'java/security/PrivilegedActionException'> (0x0000000775fb72c8) thrown at [C:\re\workspace\8-2-build-windows-amd64-cygwin\jdk8u111\7883\hotspot\src\share\vm\prims\jvm.cpp, line 1386]
Event: 19.335 Thread 0x0000000002fd0800 Exception <a 'java/security/PrivilegedActionException'> (0x0000000775fb7a90) thrown at [C:\re\workspace\8-2-build-windows-amd64-cygwin\jdk8u111\7883\hotspot\src\share\vm\prims\jvm.cpp, line 1386]
Event: 19.335 Thread 0x0000000002fd0800 Exception <a 'java/security/PrivilegedActionException'> (0x0000000775fb95d8) thrown at [C:\re\workspace\8-2-build-windows-amd64-cygwin\jdk8u111\7883\hotspot\src\share\vm\prims\jvm.cpp, line 1386]
Event: 19.335 Thread 0x0000000002fd0800 Exception <a 'java/security/PrivilegedActionException'> (0x0000000775fb9da0) thrown at [C:\re\workspace\8-2-build-windows-amd64-cygwin\jdk8u111\7883\hotspot\src\share\vm\prims\jvm.cpp, line 1386]
Event: 19.789 Thread 0x0000000002fd0800 Exception <a 'java/io/FileNotFoundException'> (0x000000077861cd10) thrown at [C:\re\workspace\8-2-build-windows-amd64-cygwin\jdk8u111\7883\hotspot\src\share\vm\prims\jni.cpp, line 709]
Event: 19.791 Thread 0x0000000002fd0800 Exception <a 'java/io/FileNotFoundException'> (0x0000000778650228) thrown at [C:\re\workspace\8-2-build-windows-amd64-cygwin\jdk8u111\7883\hotspot\src\share\vm\prims\jni.cpp, line 709]
Event: 19.832 Thread 0x0000000002fd0800 Exception <a 'java/io/FileNotFoundException'> (0x0000000778e80e80) thrown at [C:\re\workspace\8-2-build-windows-amd64-cygwin\jdk8u111\7883\hotspot\src\share\vm\prims\jni.cpp, line 709]
Event: 19.832 Thread 0x0000000002fd0800 Exception <a 'java/io/FileNotFoundException'> (0x0000000778e820c0) thrown at [C:\re\workspace\8-2-build-windows-amd64-cygwin\jdk8u111\7883\hotspot\src\share\vm\prims\jni.cpp, line 709]
Event: 20.702 Thread 0x0000000002fd0800 Implicit null exception at 0x00000000046be331 to 0x00000000046be6f9
Event: 20.785 Thread 0x0000000002fd0800 Implicit null exception at 0x00000000047dbd79 to 0x00000000047ddc69

Events (10 events):
Event: 22.314 loading class com/sun/tools/javac/comp/Infer$InferenceContext$3 done
Event: 22.317 Thread 0x0000000002fd0800 Uncommon trap: trap_request=0xffffffc6 fr.pc=0x0000000004c667b8
Event: 22.317 Thread 0x0000000002fd0800 DEOPT PACKING pc=0x0000000004c667b8 sp=0x0000000002fc9e90
Event: 22.317 Thread 0x0000000002fd0800 DEOPT UNPACKING pc=0x000000000311582a sp=0x0000000002fc9e60 mode 2
Event: 22.317 Thread 0x0000000002fd0800 Uncommon trap: trap_request=0xffffffc6 fr.pc=0x0000000004c667b8
Event: 22.317 Thread 0x0000000002fd0800 DEOPT PACKING pc=0x0000000004c667b8 sp=0x0000000002fc9d30
Event: 22.317 Thread 0x0000000002fd0800 DEOPT UNPACKING pc=0x000000000311582a sp=0x0000000002fc9d00 mode 2
Event: 22.397 Thread 0x0000000002fd0800 Uncommon trap: trap_request=0xffffff65 fr.pc=0x0000000004d56b54
Event: 22.397 Thread 0x0000000002fd0800 DEOPT PACKING pc=0x0000000004d56b54 sp=0x0000000002fcaaa0
Event: 22.397 Thread 0x0000000002fd0800 DEOPT UNPACKING pc=0x000000000311582a sp=0x0000000002fcaa90 mode 2


Dynamic libraries:
0x00007ff7677c0000 - 0x00007ff7677f7000 	C:\Program Files (x86)\Common Files\Oracle\Java\javapath\java.exe
0x00007fffbc7d0000 - 0x00007fffbc9bd000 	C:\WINDOWS\SYSTEM32\ntdll.dll
0x00007fffb99f0000 - 0x00007fffb9aa3000 	C:\WINDOWS\System32\KERNEL32.DLL
0x00007fffb8940000 - 0x00007fffb8bd5000 	C:\WINDOWS\System32\KERNELBASE.dll
0x00007fffba3b0000 - 0x00007fffba453000 	C:\WINDOWS\System32\ADVAPI32.dll
0x00007fffba8a0000 - 0x00007fffba93e000 	C:\WINDOWS\System32\msvcrt.dll
0x00007fffba690000 - 0x00007fffba72e000 	C:\WINDOWS\System32\sechost.dll
0x00007fffba940000 - 0x00007fffbaa62000 	C:\WINDOWS\System32\RPCRT4.dll
0x00007fffba200000 - 0x00007fffba397000 	C:\WINDOWS\System32\USER32.dll
0x00007fffb8890000 - 0x00007fffb88b0000 	C:\WINDOWS\System32\win32u.dll
0x00007fffba530000 - 0x00007fffba559000 	C:\WINDOWS\System32\GDI32.dll
0x00007fffb95a0000 - 0x00007fffb973a000 	C:\WINDOWS\System32\gdi32full.dll
0x00007fffb8c60000 - 0x00007fffb8d00000 	C:\WINDOWS\System32\msvcp_win.dll
0x00007fffb8d00000 - 0x00007fffb8dfa000 	C:\WINDOWS\System32\ucrtbase.dll
0x00007fffaa270000 - 0x00007fffaa4e9000 	C:\WINDOWS\WinSxS\amd64_microsoft.windows.common-controls_6595b64144ccf1df_6.0.17763.1282_none_de75b6f253473c0f\COMCTL32.dll
0x00007fffb9e20000 - 0x00007fffba14c000 	C:\WINDOWS\System32\combase.dll
0x00007fffb8be0000 - 0x00007fffb8c5e000 	C:\WINDOWS\System32\bcryptPrimitives.dll
0x00007fffb9ab0000 - 0x00007fffb9ade000 	C:\WINDOWS\System32\IMM32.DLL
0x0000000065180000 - 0x0000000065252000 	C:\Program Files\Java\jre1.8.0_111\bin\msvcr100.dll
0x00000000648e0000 - 0x000000006517a000 	C:\Program Files\Java\jre1.8.0_111\bin\server\jvm.dll
0x00007fffb9db0000 - 0x00007fffb9db8000 	C:\WINDOWS\System32\PSAPI.DLL
0x00007fffb5730000 - 0x00007fffb5754000 	C:\WINDOWS\SYSTEM32\WINMM.dll
0x00007fff9fd70000 - 0x00007fff9fd79000 	C:\WINDOWS\SYSTEM32\WSOCK32.dll
0x00007fffb33d0000 - 0x00007fffb33da000 	C:\WINDOWS\SYSTEM32\VERSION.dll
0x00007fffb9cc0000 - 0x00007fffb9d2d000 	C:\WINDOWS\System32\WS2_32.dll
0x00007fffb5610000 - 0x00007fffb563d000 	C:\WINDOWS\SYSTEM32\WINMMBASE.dll
0x00007fffb9550000 - 0x00007fffb959a000 	C:\WINDOWS\System32\cfgmgr32.dll
0x00000000648d0000 - 0x00000000648df000 	C:\Program Files\Java\jre1.8.0_111\bin\verify.dll
0x00000000648a0000 - 0x00000000648c9000 	C:\Program Files\Java\jre1.8.0_111\bin\java.dll
0x0000000064880000 - 0x0000000064896000 	C:\Program Files\Java\jre1.8.0_111\bin\zip.dll
0x00007fffbae20000 - 0x00007fffbc318000 	C:\WINDOWS\System32\SHELL32.dll
0x00007fffbaa70000 - 0x00007fffbab18000 	C:\WINDOWS\System32\shcore.dll
0x00007fffb8e00000 - 0x00007fffb954f000 	C:\WINDOWS\System32\windows.storage.dll
0x00007fffb8840000 - 0x00007fffb8864000 	C:\WINDOWS\System32\profapi.dll
0x00007fffb87e0000 - 0x00007fffb883d000 	C:\WINDOWS\System32\powrprof.dll
0x00007fffba470000 - 0x00007fffba4c2000 	C:\WINDOWS\System32\shlwapi.dll
0x00007fffb8870000 - 0x00007fffb8881000 	C:\WINDOWS\System32\kernel.appcore.dll
0x00007fffb99d0000 - 0x00007fffb99e7000 	C:\WINDOWS\System32\cryptsp.dll
0x0000000064670000 - 0x000000006468a000 	C:\Program Files\Java\jre1.8.0_111\bin\net.dll
0x00007fffb8020000 - 0x00007fffb8087000 	C:\WINDOWS\system32\mswsock.dll
0x0000000064650000 - 0x0000000064661000 	C:\Program Files\Java\jre1.8.0_111\bin\nio.dll
0x00007fffb4720000 - 0x00007fffb4732000 	C:\Users\draks\.gradle\native\19\windows-amd64\native-platform.dll
0x0000000180000000 - 0x0000000180037000 	C:\Users\draks\.gradle\native\jna\win32-amd64\jnidispatch.dll
0x00007fffb7ba0000 - 0x00007fffb7bd3000 	C:\WINDOWS\system32\rsaenh.dll
0x00007fffb88b0000 - 0x00007fffb88d6000 	C:\WINDOWS\System32\bcrypt.dll
0x00007fffb86b0000 - 0x00007fffb86d8000 	C:\WINDOWS\SYSTEM32\USERENV.dll
0x00007fffb81f0000 - 0x00007fffb81fc000 	C:\WINDOWS\SYSTEM32\CRYPTBASE.dll
0x00007fffb7d40000 - 0x00007fffb7d7d000 	C:\WINDOWS\SYSTEM32\IPHLPAPI.DLL
0x00007fffba3a0000 - 0x00007fffba3a8000 	C:\WINDOWS\System32\NSI.dll
0x00007fffade80000 - 0x00007fffade96000 	C:\WINDOWS\SYSTEM32\dhcpcsvc6.DLL
0x00007fffab4c0000 - 0x00007fffab4dc000 	C:\WINDOWS\SYSTEM32\dhcpcsvc.DLL
0x00007fffb7d80000 - 0x00007fffb7e47000 	C:\WINDOWS\SYSTEM32\DNSAPI.dll
0x00000000645c0000 - 0x00000000645cd000 	C:\Program Files\Java\jre1.8.0_111\bin\management.dll
0x00000000645d0000 - 0x00000000645f4000 	C:\Program Files\Java\jre1.8.0_111\bin\sunec.dll
0x0000000064490000 - 0x000000006449b000 	C:\Program Files\Java\jre1.8.0_111\bin\sunmscapi.dll
0x00007fffb9740000 - 0x00007fffb991c000 	C:\WINDOWS\System32\CRYPT32.dll
0x00007fffb87c0000 - 0x00007fffb87d2000 	C:\WINDOWS\System32\MSASN1.dll
0x00007fffaa7c0000 - 0x00007fffaa7ca000 	C:\Windows\System32\rasadhlp.dll
0x00007fffab0a0000 - 0x00007fffab119000 	C:\WINDOWS\System32\fwpuclnt.dll

VM Arguments:
jvm_args: -Dorg.gradle.appname=gradlew 
java_command: org.gradle.wrapper.GradleWrapperMain build
java_class_path (initial): C:\Users\draks\OneDrive\Documents\GitHub\AUNIS\\gradle\wrapper\gradle-wrapper.jar
Launcher Type: SUN_STANDARD

Environment Variables:
CLASSPATH=C:\Users\draks\OneDrive\Documents\GitHub\AUNIS\\gradle\wrapper\gradle-wrapper.jar
PATH=C:\Program Files (x86)\Common Files\Oracle\Java\javapath;C:\WINDOWS\system32;C:\WINDOWS;C:\WINDOWS\System32\Wbem;C:\WINDOWS\System32\WindowsPowerShell\v1.0\;C:\WINDOWS\System32\OpenSSH\;C:\Program Files (x86)\NVIDIA Corporation\PhysX\Common;C:\Program Files\Git\cmd;C:\Program Files\Perforce\;C:\Users\draks\AppData\Local\Microsoft\WindowsApps;C:\Users\draks\AppData\Local\GitHubDesktop\bin
USERNAME=draks
OS=Windows_NT
PROCESSOR_IDENTIFIER=Intel64 Family 6 Model 58 Stepping 9, GenuineIntel



---------------  S Y S T E M  ---------------

OS: Windows 10.0 , 64 bit Build 17763 (10.0.17763.1158)

CPU:total 8 (4 cores per cpu, 2 threads per core) family 6 model 58 stepping 9, cmov, cx8, fxsr, mmx, sse, sse2, sse3, ssse3, sse4.1, sse4.2, popcnt, avx, aes, clmul, erms, ht, tsc, tscinvbit, tscinv

Memory: 4k page, physical 16718880k(1662572k free), swap 27958488k(5200k free)

vm_info: Java HotSpot(TM) 64-Bit Server VM (25.111-b14) for windows-amd64 JRE (1.8.0_111-b14), built on Sep 22 2016 19:24:05 by "java_re" with MS VC++ 10.0 (VS2010)

time: Fri Jul 17 23:40:02 2020
elapsed time: 22 seconds (0d 0h 0m 22s)

