#
# There is insufficient memory for the Java Runtime Environment to continue.
# Native memory allocation (malloc) failed to allocate 729856 bytes for Chunk::new
# Possible reasons:
#   The system is out of physical RAM or swap space
#   In 32 bit mode, the process size limit was hit
# Possible solutions:
#   Reduce memory load on the system
#   Increase physical memory or swap space
#   Check if swap backing store is full
#   Use 64 bit Java on a 64 bit OS
#   Decrease Java heap size (-Xmx/-Xms)
#   Decrease number of Java threads
#   Decrease Java thread stack sizes (-Xss)
#   Set larger code cache with -XX:ReservedCodeCacheSize=
# This output file may be truncated or incomplete.
#
#  Out of Memory Error (allocation.cpp:390), pid=14664, tid=0x00000000000018ec
#
# JRE version: Java(TM) SE Runtime Environment (8.0_111-b14) (build 1.8.0_111-b14)
# Java VM: Java HotSpot(TM) 64-Bit Server VM (25.111-b14 mixed mode windows-amd64 compressed oops)
# Failed to write core dump. Minidumps are not enabled by default on client versions of Windows
#

---------------  T H R E A D  ---------------

Current thread (0x000000001dfbc800):  JavaThread "C2 CompilerThread2" daemon [_thread_in_native, id=6380, stack(0x000000001e980000,0x000000001ea80000)]

Stack: [0x000000001e980000,0x000000001ea80000]
[error occurred during error reporting (printing stack bounds), id 0xc0000005]

Native frames: (J=compiled Java code, j=interpreted, Vv=VM code, C=native code)


Current CompileTask:
C2:  28192 7393 %     4       java.io.WinNTFileSystem::normalize @ 22 (143 bytes)


---------------  P R O C E S S  ---------------

Java Threads: ( => current thread )
  0x0000000024994800 JavaThread "File lock request listener" [_thread_in_native, id=9188, stack(0x0000000026e40000,0x0000000026f40000)]
  0x000000002015e800 JavaThread "pool-1-thread-1" [_thread_blocked, id=13264, stack(0x0000000021f10000,0x0000000022010000)]
  0x000000001e045000 JavaThread "Service Thread" daemon [_thread_blocked, id=13532, stack(0x000000001eb80000,0x000000001ec80000)]
  0x000000001dfc7000 JavaThread "C1 CompilerThread3" daemon [_thread_blocked, id=1404, stack(0x000000001ea80000,0x000000001eb80000)]
=>0x000000001dfbc800 JavaThread "C2 CompilerThread2" daemon [_thread_in_native, id=6380, stack(0x000000001e980000,0x000000001ea80000)]
  0x000000001dfaa800 JavaThread "C2 CompilerThread1" daemon [_thread_in_native, id=228, stack(0x000000001e880000,0x000000001e980000)]
  0x000000001dfa7800 JavaThread "C2 CompilerThread0" daemon [_thread_blocked, id=14748, stack(0x000000001e780000,0x000000001e880000)]
  0x000000001dfa4800 JavaThread "Attach Listener" daemon [_thread_blocked, id=392, stack(0x000000001e680000,0x000000001e780000)]
  0x000000001c09e800 JavaThread "Signal Dispatcher" daemon [_thread_blocked, id=14364, stack(0x000000001e580000,0x000000001e680000)]
  0x000000001dfa0800 JavaThread "Finalizer" daemon [_thread_blocked, id=15248, stack(0x000000001e380000,0x000000001e480000)]
  0x00000000025e6000 JavaThread "Reference Handler" daemon [_thread_blocked, id=15080, stack(0x000000001de80000,0x000000001df80000)]
  0x00000000024f0800 JavaThread "main" [_thread_in_Java, id=2392, stack(0x0000000002310000,0x0000000002410000)]

Other Threads:
  0x000000001c089000 VMThread [stack: 0x000000001dd80000,0x000000001de80000] [id=13752]
  0x000000001e05a000 WatcherThread [stack: 0x000000001ec80000,0x000000001ed80000] [id=14464]

VM state:not at safepoint (normal execution)

VM Mutex/Monitor currently owned by a thread: None

Heap:
 PSYoungGen      total 711168K, used 270258K [0x000000076af80000, 0x0000000797c80000, 0x00000007c0000000)
  eden space 688640K, 38% used [0x000000076af80000,0x000000077b4848a0,0x0000000795000000)
  from space 22528K, 13% used [0x0000000795080000,0x0000000795368000,0x0000000796680000)
  to   space 2560K, 0% used [0x0000000797a00000,0x0000000797a00000,0x0000000797c80000)
 ParOldGen       total 116736K, used 50887K [0x00000006c0e00000, 0x00000006c8000000, 0x000000076af80000)
  object space 116736K, 43% used [0x00000006c0e00000,0x00000006c3fb1e38,0x00000006c8000000)
 Metaspace       used 45720K, capacity 46458K, committed 46552K, reserved 1089536K
  class space    used 6167K, capacity 6394K, committed 6400K, reserved 1048576K

Card table byte_map: [0x00000000119b0000,0x00000000121b0000] byte_map_base: 0x000000000e3a9000

Marking Bits: (ParMarkBitMap*) 0x00000000650fa6c0
 Begin Bits: [0x0000000012f10000, 0x0000000016ed8000)
 End Bits:   [0x0000000016ed8000, 0x000000001aea0000)

Polling page: 0x00000000001f0000

CodeCache: size=245760Kb used=25975Kb max_used=25986Kb free=219784Kb
 bounds [0x00000000025f0000, 0x0000000003f70000, 0x00000000115f0000]
 total_blobs=7329 nmethods=6611 adapters=629
 compilation: enabled

Compilation events (10 events):
Event: 28.128 Thread 0x000000001dfc7000 7390       3       com.sun.tools.javac.comp.Attr::selectSym (600 bytes)
Event: 28.130 Thread 0x000000001dfc7000 nmethod 7390 0x0000000003f63f90 code [0x0000000003f645e0, 0x0000000003f685c8]
Event: 28.132 Thread 0x000000001dfc7000 7391       3       com.sun.tools.javac.util.JCDiagnostic$Factory::qualify (39 bytes)
Event: 28.133 Thread 0x000000001dfbc800 7393 %     4       java.io.WinNTFileSystem::normalize @ 22 (143 bytes)
Event: 28.133 Thread 0x000000001dfc7000 nmethod 7391 0x0000000003f374d0 code [0x0000000003f376e0, 0x0000000003f38178]
Event: 28.133 Thread 0x000000001dfc7000 7392       3       com.sun.tools.javac.util.JCDiagnostic::<init> (79 bytes)
Event: 28.133 Thread 0x000000001dfc7000 nmethod 7392 0x0000000003f5a450 code [0x0000000003f5a5e0, 0x0000000003f5aaf8]
Event: 28.171 Thread 0x000000001dfa7800 7394       4       java.util.HashMap::clear (50 bytes)
Event: 28.172 Thread 0x000000001dfa7800 nmethod 7394 0x0000000003f5a150 code [0x0000000003f5a280, 0x0000000003f5a3b8]
Event: 28.182 Thread 0x000000001dfaa800 7395 %     4       com.sun.tools.javac.jvm.ClassReader::readClass @ 183 (474 bytes)

GC Heap History (10 events):
Event: 15.171 GC heap before
{Heap before GC invocations=13 (full 2):
 PSYoungGen      total 483328K, used 483297K [0x000000076af80000, 0x000000078a200000, 0x00000007c0000000)
  eden space 465920K, 100% used [0x000000076af80000,0x0000000787680000,0x0000000787680000)
  from space 17408K, 99% used [0x0000000788a80000,0x0000000789b78510,0x0000000789b80000)
  to   space 20480K, 0% used [0x0000000787680000,0x0000000787680000,0x0000000788a80000)
 ParOldGen       total 116736K, used 33372K [0x00000006c0e00000, 0x00000006c8000000, 0x000000076af80000)
  object space 116736K, 28% used [0x00000006c0e00000,0x00000006c2e97180,0x00000006c8000000)
 Metaspace       used 39972K, capacity 40620K, committed 40920K, reserved 1085440K
  class space    used 5584K, capacity 5806K, committed 5888K, reserved 1048576K
Event: 15.180 GC heap after
Heap after GC invocations=13 (full 2):
 PSYoungGen      total 486400K, used 192K [0x000000076af80000, 0x0000000792700000, 0x00000007c0000000)
  eden space 465920K, 0% used [0x000000076af80000,0x000000076af80000,0x0000000787680000)
  from space 20480K, 0% used [0x0000000787680000,0x00000007876b0000,0x0000000788a80000)
  to   space 22016K, 0% used [0x0000000791180000,0x0000000791180000,0x0000000792700000)
 ParOldGen       total 116736K, used 50823K [0x00000006c0e00000, 0x00000006c8000000, 0x000000076af80000)
  object space 116736K, 43% used [0x00000006c0e00000,0x00000006c3fa1e38,0x00000006c8000000)
 Metaspace       used 39972K, capacity 40620K, committed 40920K, reserved 1085440K
  class space    used 5584K, capacity 5806K, committed 5888K, reserved 1048576K
}
Event: 16.855 GC heap before
{Heap before GC invocations=14 (full 2):
 PSYoungGen      total 486400K, used 466112K [0x000000076af80000, 0x0000000792700000, 0x00000007c0000000)
  eden space 465920K, 100% used [0x000000076af80000,0x0000000787680000,0x0000000787680000)
  from space 20480K, 0% used [0x0000000787680000,0x00000007876b0000,0x0000000788a80000)
  to   space 22016K, 0% used [0x0000000791180000,0x0000000791180000,0x0000000792700000)
 ParOldGen       total 116736K, used 50823K [0x00000006c0e00000, 0x00000006c8000000, 0x000000076af80000)
  object space 116736K, 43% used [0x00000006c0e00000,0x00000006c3fa1e38,0x00000006c8000000)
 Metaspace       used 39972K, capacity 40620K, committed 40920K, reserved 1085440K
  class space    used 5584K, capacity 5806K, committed 5888K, reserved 1048576K
Event: 16.856 GC heap after
Heap after GC invocations=14 (full 2):
 PSYoungGen      total 587776K, used 224K [0x000000076af80000, 0x0000000791580000, 0x00000007c0000000)
  eden space 583680K, 0% used [0x000000076af80000,0x000000076af80000,0x000000078e980000)
  from space 4096K, 5% used [0x0000000791180000,0x00000007911b8000,0x0000000791580000)
  to   space 22528K, 0% used [0x000000078e980000,0x000000078e980000,0x000000078ff80000)
 ParOldGen       total 116736K, used 50871K [0x00000006c0e00000, 0x00000006c8000000, 0x000000076af80000)
  object space 116736K, 43% used [0x00000006c0e00000,0x00000006c3fade38,0x00000006c8000000)
 Metaspace       used 39972K, capacity 40620K, committed 40920K, reserved 1085440K
  class space    used 5584K, capacity 5806K, committed 5888K, reserved 1048576K
}
Event: 18.974 GC heap before
{Heap before GC invocations=15 (full 2):
 PSYoungGen      total 587776K, used 583904K [0x000000076af80000, 0x0000000791580000, 0x00000007c0000000)
  eden space 583680K, 100% used [0x000000076af80000,0x000000078e980000,0x000000078e980000)
  from space 4096K, 5% used [0x0000000791180000,0x00000007911b8000,0x0000000791580000)
  to   space 22528K, 0% used [0x000000078e980000,0x000000078e980000,0x000000078ff80000)
 ParOldGen       total 116736K, used 50871K [0x00000006c0e00000, 0x00000006c8000000, 0x000000076af80000)
  object space 116736K, 43% used [0x00000006c0e00000,0x00000006c3fade38,0x00000006c8000000)
 Metaspace       used 39972K, capacity 40620K, committed 40920K, reserved 1085440K
  class space    used 5584K, capacity 5806K, committed 5888K, reserved 1048576K
Event: 18.976 GC heap after
Heap after GC invocations=15 (full 2):
 PSYoungGen      total 606208K, used 192K [0x000000076af80000, 0x0000000799080000, 0x00000007c0000000)
  eden space 583680K, 0% used [0x000000076af80000,0x000000076af80000,0x000000078e980000)
  from space 22528K, 0% used [0x000000078e980000,0x000000078e9b0000,0x000000078ff80000)
  to   space 23040K, 0% used [0x0000000797a00000,0x0000000797a00000,0x0000000799080000)
 ParOldGen       total 116736K, used 50871K [0x00000006c0e00000, 0x00000006c8000000, 0x000000076af80000)
  object space 116736K, 43% used [0x00000006c0e00000,0x00000006c3fade38,0x00000006c8000000)
 Metaspace       used 39972K, capacity 40620K, committed 40920K, reserved 1085440K
  class space    used 5584K, capacity 5806K, committed 5888K, reserved 1048576K
}
Event: 20.817 GC heap before
{Heap before GC invocations=16 (full 2):
 PSYoungGen      total 606208K, used 583872K [0x000000076af80000, 0x0000000799080000, 0x00000007c0000000)
  eden space 583680K, 100% used [0x000000076af80000,0x000000078e980000,0x000000078e980000)
  from space 22528K, 0% used [0x000000078e980000,0x000000078e9b0000,0x000000078ff80000)
  to   space 23040K, 0% used [0x0000000797a00000,0x0000000797a00000,0x0000000799080000)
 ParOldGen       total 116736K, used 50871K [0x00000006c0e00000, 0x00000006c8000000, 0x000000076af80000)
  object space 116736K, 43% used [0x00000006c0e00000,0x00000006c3fade38,0x00000006c8000000)
 Metaspace       used 39981K, capacity 40620K, committed 40920K, reserved 1085440K
  class space    used 5584K, capacity 5806K, committed 5888K, reserved 1048576K
Event: 20.819 GC heap after
Heap after GC invocations=16 (full 2):
 PSYoungGen      total 691200K, used 2176K [0x000000076af80000, 0x0000000797c80000, 0x00000007c0000000)
  eden space 688640K, 0% used [0x000000076af80000,0x000000076af80000,0x0000000795000000)
  from space 2560K, 85% used [0x0000000797a00000,0x0000000797c20060,0x0000000797c80000)
  to   space 22528K, 0% used [0x0000000795080000,0x0000000795080000,0x0000000796680000)
 ParOldGen       total 116736K, used 50879K [0x00000006c0e00000, 0x00000006c8000000, 0x000000076af80000)
  object space 116736K, 43% used [0x00000006c0e00000,0x00000006c3fafe38,0x00000006c8000000)
 Metaspace       used 39981K, capacity 40620K, committed 40920K, reserved 1085440K
  class space    used 5584K, capacity 5806K, committed 5888K, reserved 1048576K
}
Event: 24.439 GC heap before
{Heap before GC invocations=17 (full 2):
 PSYoungGen      total 691200K, used 690816K [0x000000076af80000, 0x0000000797c80000, 0x00000007c0000000)
  eden space 688640K, 100% used [0x000000076af80000,0x0000000795000000,0x0000000795000000)
  from space 2560K, 85% used [0x0000000797a00000,0x0000000797c20060,0x0000000797c80000)
  to   space 22528K, 0% used [0x0000000795080000,0x0000000795080000,0x0000000796680000)
 ParOldGen       total 116736K, used 50879K [0x00000006c0e00000, 0x00000006c8000000, 0x000000076af80000)
  object space 116736K, 43% used [0x00000006c0e00000,0x00000006c3fafe38,0x00000006c8000000)
 Metaspace       used 40430K, capacity 41192K, committed 41432K, reserved 1085440K
  class space    used 5595K, capacity 5816K, committed 5888K, reserved 1048576K
Event: 24.443 GC heap after
Heap after GC invocations=17 (full 2):
 PSYoungGen      total 711168K, used 2976K [0x000000076af80000, 0x0000000797c80000, 0x00000007c0000000)
  eden space 688640K, 0% used [0x000000076af80000,0x000000076af80000,0x0000000795000000)
  from space 22528K, 13% used [0x0000000795080000,0x0000000795368000,0x0000000796680000)
  to   space 2560K, 0% used [0x0000000797a00000,0x0000000797a00000,0x0000000797c80000)
 ParOldGen       total 116736K, used 50887K [0x00000006c0e00000, 0x00000006c8000000, 0x000000076af80000)
  object space 116736K, 43% used [0x00000006c0e00000,0x00000006c3fb1e38,0x00000006c8000000)
 Metaspace       used 40430K, capacity 41192K, committed 41432K, reserved 1085440K
  class space    used 5595K, capacity 5816K, committed 5888K, reserved 1048576K
}

Deoptimization events (10 events):
Event: 27.421 Thread 0x00000000024f0800 Uncommon trap: reason=unstable_if action=reinterpret pc=0x0000000003defb50 method=com.sun.tools.javac.tree.TreeScanner.scan(Lcom/sun/tools/javac/util/List;)V @ 1
Event: 27.435 Thread 0x00000000024f0800 Uncommon trap: reason=class_check action=maybe_recompile pc=0x0000000003bd9b4c method=com.sun.tools.javac.file.JavacFileManager.listContainer(Ljava/io/File;Lcom/sun/tools/javac/file/RelativePath$RelativeDirectory;Ljava/util/Set;ZLcom/sun/tools/javac/util/
Event: 27.438 Thread 0x00000000024f0800 Uncommon trap: reason=class_check action=maybe_recompile pc=0x0000000003bd9b4c method=com.sun.tools.javac.file.JavacFileManager.listContainer(Ljava/io/File;Lcom/sun/tools/javac/file/RelativePath$RelativeDirectory;Ljava/util/Set;ZLcom/sun/tools/javac/util/
Event: 27.439 Thread 0x00000000024f0800 Uncommon trap: reason=class_check action=maybe_recompile pc=0x0000000003bd9b4c method=com.sun.tools.javac.file.JavacFileManager.listContainer(Ljava/io/File;Lcom/sun/tools/javac/file/RelativePath$RelativeDirectory;Ljava/util/Set;ZLcom/sun/tools/javac/util/
Event: 27.440 Thread 0x00000000024f0800 Uncommon trap: reason=class_check action=maybe_recompile pc=0x0000000003bd9b4c method=com.sun.tools.javac.file.JavacFileManager.listContainer(Ljava/io/File;Lcom/sun/tools/javac/file/RelativePath$RelativeDirectory;Ljava/util/Set;ZLcom/sun/tools/javac/util/
Event: 27.495 Thread 0x00000000024f0800 Uncommon trap: reason=unstable_if action=reinterpret pc=0x0000000003d5c4e4 method=com.sun.tools.javac.jvm.ClassReader.initParameterNames(Lcom/sun/tools/javac/code/Symbol$MethodSymbol;)V @ 17
Event: 27.526 Thread 0x00000000024f0800 Uncommon trap: reason=unstable_if action=reinterpret pc=0x0000000003e03380 method=com.sun.tools.javac.code.Types$19.visitClassType(Lcom/sun/tools/javac/code/Type$ClassType;Ljava/lang/Void;)Lcom/sun/tools/javac/util/List; @ 4
Event: 27.993 Thread 0x00000000024f0800 Uncommon trap: reason=unstable_if action=reinterpret pc=0x0000000003ec05c8 method=com.sun.tools.javac.comp.Attr.selectSym(Lcom/sun/tools/javac/tree/JCTree$JCFieldAccess;Lcom/sun/tools/javac/code/Symbol;Lcom/sun/tools/javac/code/Type;Lcom/sun/tools/javac/c
Event: 28.040 Thread 0x00000000024f0800 Uncommon trap: reason=class_check action=maybe_recompile pc=0x0000000003de755c method=com.sun.tools.javac.util.ListBuffer.next()Ljava/lang/Object; @ 12
Event: 28.056 Thread 0x00000000024f0800 Uncommon trap: reason=class_check action=maybe_recompile pc=0x0000000003c29320 method=com.sun.tools.javac.code.Symbol.flatName()Lcom/sun/tools/javac/util/Name; @ 1

Internal exceptions (10 events):
Event: 25.213 Thread 0x00000000024f0800 Exception <a 'java/security/PrivilegedActionException'> (0x000000076d0c8f60) thrown at [C:\re\workspace\8-2-build-windows-amd64-cygwin\jdk8u111\7883\hotspot\src\share\vm\prims\jvm.cpp, line 1386]
Event: 25.213 Thread 0x00000000024f0800 Exception <a 'java/security/PrivilegedActionException'> (0x000000076d0c9728) thrown at [C:\re\workspace\8-2-build-windows-amd64-cygwin\jdk8u111\7883\hotspot\src\share\vm\prims\jvm.cpp, line 1386]
Event: 25.213 Thread 0x00000000024f0800 Exception <a 'java/security/PrivilegedActionException'> (0x000000076d0cb270) thrown at [C:\re\workspace\8-2-build-windows-amd64-cygwin\jdk8u111\7883\hotspot\src\share\vm\prims\jvm.cpp, line 1386]
Event: 25.213 Thread 0x00000000024f0800 Exception <a 'java/security/PrivilegedActionException'> (0x000000076d0cba38) thrown at [C:\re\workspace\8-2-build-windows-amd64-cygwin\jdk8u111\7883\hotspot\src\share\vm\prims\jvm.cpp, line 1386]
Event: 26.080 Thread 0x00000000024f0800 Exception <a 'java/io/FileNotFoundException'> (0x000000076f738ac0) thrown at [C:\re\workspace\8-2-build-windows-amd64-cygwin\jdk8u111\7883\hotspot\src\share\vm\prims\jni.cpp, line 709]
Event: 26.092 Thread 0x00000000024f0800 Exception <a 'java/io/FileNotFoundException'> (0x000000076f76bfd8) thrown at [C:\re\workspace\8-2-build-windows-amd64-cygwin\jdk8u111\7883\hotspot\src\share\vm\prims\jni.cpp, line 709]
Event: 26.128 Thread 0x00000000024f0800 Exception <a 'java/io/FileNotFoundException'> (0x000000076fe0c738) thrown at [C:\re\workspace\8-2-build-windows-amd64-cygwin\jdk8u111\7883\hotspot\src\share\vm\prims\jni.cpp, line 709]
Event: 26.129 Thread 0x00000000024f0800 Exception <a 'java/io/FileNotFoundException'> (0x000000076fe0d978) thrown at [C:\re\workspace\8-2-build-windows-amd64-cygwin\jdk8u111\7883\hotspot\src\share\vm\prims\jni.cpp, line 709]
Event: 27.412 Thread 0x00000000024f0800 Implicit null exception at 0x0000000003c47631 to 0x0000000003c479fd
Event: 27.495 Thread 0x00000000024f0800 Implicit null exception at 0x0000000003d5a631 to 0x0000000003d5c4c1

Events (10 events):
Event: 27.993 Thread 0x00000000024f0800 DEOPT PACKING pc=0x0000000003ec05c8 sp=0x000000000240a570
Event: 27.993 Thread 0x00000000024f0800 DEOPT UNPACKING pc=0x000000000263582a sp=0x000000000240a508 mode 2
Event: 28.040 Thread 0x00000000024f0800 Uncommon trap: trap_request=0xffffffde fr.pc=0x0000000003de755c
Event: 28.040 Thread 0x00000000024f0800 DEOPT PACKING pc=0x0000000003de755c sp=0x000000000240b0d0
Event: 28.040 Thread 0x00000000024f0800 DEOPT UNPACKING pc=0x000000000263582a sp=0x000000000240b070 mode 2
Event: 28.040 Executing VM operation: ForceSafepoint
Event: 28.040 Executing VM operation: ForceSafepoint done
Event: 28.056 Thread 0x00000000024f0800 Uncommon trap: trap_request=0xffffffde fr.pc=0x0000000003c29320
Event: 28.056 Thread 0x00000000024f0800 DEOPT PACKING pc=0x0000000003c29320 sp=0x000000000240acc0
Event: 28.056 Thread 0x00000000024f0800 DEOPT UNPACKING pc=0x000000000263582a sp=0x000000000240ac50 mode 2


Dynamic libraries:
0x00007ff7677c0000 - 0x00007ff7677f7000 	C:\Program Files (x86)\Common Files\Oracle\Java\javapath\java.exe
0x00007fffbc7d0000 - 0x00007fffbc9bd000 	C:\WINDOWS\SYSTEM32\ntdll.dll
0x00007fffb99f0000 - 0x00007fffb9aa3000 	C:\WINDOWS\System32\KERNEL32.DLL
0x00007fffb8940000 - 0x00007fffb8bd5000 	C:\WINDOWS\System32\KERNELBASE.dll
0x00007fffba3b0000 - 0x00007fffba453000 	C:\WINDOWS\System32\ADVAPI32.dll
0x00007fffba8a0000 - 0x00007fffba93e000 	C:\WINDOWS\System32\msvcrt.dll
0x00007fffba690000 - 0x00007fffba72e000 	C:\WINDOWS\System32\sechost.dll
0x00007fffba940000 - 0x00007fffbaa62000 	C:\WINDOWS\System32\RPCRT4.dll
0x00007fffba200000 - 0x00007fffba397000 	C:\WINDOWS\System32\USER32.dll
0x00007fffb8890000 - 0x00007fffb88b0000 	C:\WINDOWS\System32\win32u.dll
0x00007fffba530000 - 0x00007fffba559000 	C:\WINDOWS\System32\GDI32.dll
0x00007fffb95a0000 - 0x00007fffb973a000 	C:\WINDOWS\System32\gdi32full.dll
0x00007fffb8c60000 - 0x00007fffb8d00000 	C:\WINDOWS\System32\msvcp_win.dll
0x00007fffb8d00000 - 0x00007fffb8dfa000 	C:\WINDOWS\System32\ucrtbase.dll
0x00007fffaa270000 - 0x00007fffaa4e9000 	C:\WINDOWS\WinSxS\amd64_microsoft.windows.common-controls_6595b64144ccf1df_6.0.17763.1282_none_de75b6f253473c0f\COMCTL32.dll
0x00007fffb9e20000 - 0x00007fffba14c000 	C:\WINDOWS\System32\combase.dll
0x00007fffb8be0000 - 0x00007fffb8c5e000 	C:\WINDOWS\System32\bcryptPrimitives.dll
0x00007fffb9ab0000 - 0x00007fffb9ade000 	C:\WINDOWS\System32\IMM32.DLL
0x0000000065180000 - 0x0000000065252000 	C:\Program Files\Java\jre1.8.0_111\bin\msvcr100.dll
0x00000000648e0000 - 0x000000006517a000 	C:\Program Files\Java\jre1.8.0_111\bin\server\jvm.dll
0x00007fffb9db0000 - 0x00007fffb9db8000 	C:\WINDOWS\System32\PSAPI.DLL
0x00007fffb5730000 - 0x00007fffb5754000 	C:\WINDOWS\SYSTEM32\WINMM.dll
0x00007fffb33d0000 - 0x00007fffb33da000 	C:\WINDOWS\SYSTEM32\VERSION.dll
0x00007fff9fd70000 - 0x00007fff9fd79000 	C:\WINDOWS\SYSTEM32\WSOCK32.dll
0x00007fffb9cc0000 - 0x00007fffb9d2d000 	C:\WINDOWS\System32\WS2_32.dll
0x00007fffb5610000 - 0x00007fffb563d000 	C:\WINDOWS\SYSTEM32\WINMMBASE.dll
0x00007fffb9550000 - 0x00007fffb959a000 	C:\WINDOWS\System32\cfgmgr32.dll
0x00000000648d0000 - 0x00000000648df000 	C:\Program Files\Java\jre1.8.0_111\bin\verify.dll
0x00000000648a0000 - 0x00000000648c9000 	C:\Program Files\Java\jre1.8.0_111\bin\java.dll
0x0000000064880000 - 0x0000000064896000 	C:\Program Files\Java\jre1.8.0_111\bin\zip.dll
0x00007fffbae20000 - 0x00007fffbc318000 	C:\WINDOWS\System32\SHELL32.dll
0x00007fffbaa70000 - 0x00007fffbab18000 	C:\WINDOWS\System32\shcore.dll
0x00007fffb8e00000 - 0x00007fffb954f000 	C:\WINDOWS\System32\windows.storage.dll
0x00007fffb8840000 - 0x00007fffb8864000 	C:\WINDOWS\System32\profapi.dll
0x00007fffb87e0000 - 0x00007fffb883d000 	C:\WINDOWS\System32\powrprof.dll
0x00007fffba470000 - 0x00007fffba4c2000 	C:\WINDOWS\System32\shlwapi.dll
0x00007fffb8870000 - 0x00007fffb8881000 	C:\WINDOWS\System32\kernel.appcore.dll
0x00007fffb99d0000 - 0x00007fffb99e7000 	C:\WINDOWS\System32\cryptsp.dll
0x0000000064670000 - 0x000000006468a000 	C:\Program Files\Java\jre1.8.0_111\bin\net.dll
0x00007fffb8020000 - 0x00007fffb8087000 	C:\WINDOWS\system32\mswsock.dll
0x0000000064650000 - 0x0000000064661000 	C:\Program Files\Java\jre1.8.0_111\bin\nio.dll
0x00007fffb4720000 - 0x00007fffb4732000 	C:\Users\draks\.gradle\native\19\windows-amd64\native-platform.dll
0x0000000180000000 - 0x0000000180037000 	C:\Users\draks\.gradle\native\jna\win32-amd64\jnidispatch.dll
0x00007fffb7ba0000 - 0x00007fffb7bd3000 	C:\WINDOWS\system32\rsaenh.dll
0x00007fffb88b0000 - 0x00007fffb88d6000 	C:\WINDOWS\System32\bcrypt.dll
0x00007fffb86b0000 - 0x00007fffb86d8000 	C:\WINDOWS\SYSTEM32\USERENV.dll
0x00007fffb81f0000 - 0x00007fffb81fc000 	C:\WINDOWS\SYSTEM32\CRYPTBASE.dll
0x00007fffb7d40000 - 0x00007fffb7d7d000 	C:\WINDOWS\SYSTEM32\IPHLPAPI.DLL
0x00007fffba3a0000 - 0x00007fffba3a8000 	C:\WINDOWS\System32\NSI.dll
0x00007fffade80000 - 0x00007fffade96000 	C:\WINDOWS\SYSTEM32\dhcpcsvc6.DLL
0x00007fffab4c0000 - 0x00007fffab4dc000 	C:\WINDOWS\SYSTEM32\dhcpcsvc.DLL
0x00007fffb7d80000 - 0x00007fffb7e47000 	C:\WINDOWS\SYSTEM32\DNSAPI.dll
0x00000000645c0000 - 0x00000000645cd000 	C:\Program Files\Java\jre1.8.0_111\bin\management.dll
0x00000000645d0000 - 0x00000000645f4000 	C:\Program Files\Java\jre1.8.0_111\bin\sunec.dll
0x0000000064490000 - 0x000000006449b000 	C:\Program Files\Java\jre1.8.0_111\bin\sunmscapi.dll
0x00007fffb9740000 - 0x00007fffb991c000 	C:\WINDOWS\System32\CRYPT32.dll
0x00007fffb87c0000 - 0x00007fffb87d2000 	C:\WINDOWS\System32\MSASN1.dll
0x00007fffaa7c0000 - 0x00007fffaa7ca000 	C:\Windows\System32\rasadhlp.dll
0x00007fffab0a0000 - 0x00007fffab119000 	C:\WINDOWS\System32\fwpuclnt.dll

VM Arguments:
jvm_args: -Dorg.gradle.appname=gradlew 
java_command: org.gradle.wrapper.GradleWrapperMain build
java_class_path (initial): C:\Users\draks\OneDrive\Documents\GitHub\AUNIS\\gradle\wrapper\gradle-wrapper.jar
Launcher Type: SUN_STANDARD

Environment Variables:
CLASSPATH=C:\Users\draks\OneDrive\Documents\GitHub\AUNIS\\gradle\wrapper\gradle-wrapper.jar
PATH=C:\Program Files (x86)\Common Files\Oracle\Java\javapath;C:\WINDOWS\system32;C:\WINDOWS;C:\WINDOWS\System32\Wbem;C:\WINDOWS\System32\WindowsPowerShell\v1.0\;C:\WINDOWS\System32\OpenSSH\;C:\Program Files (x86)\NVIDIA Corporation\PhysX\Common;C:\Program Files\Git\cmd;C:\Program Files\Perforce\;C:\Users\draks\AppData\Local\Microsoft\WindowsApps;C:\Users\draks\AppData\Local\GitHubDesktop\bin
USERNAME=draks
OS=Windows_NT
PROCESSOR_IDENTIFIER=Intel64 Family 6 Model 58 Stepping 9, GenuineIntel



---------------  S Y S T E M  ---------------

OS: Windows 10.0 , 64 bit Build 17763 (10.0.17763.1158)

CPU:total 8 (4 cores per cpu, 2 threads per core) family 6 model 58 stepping 9, cmov, cx8, fxsr, mmx, sse, sse2, sse3, ssse3, sse4.1, sse4.2, popcnt, avx, aes, clmul, erms, ht, tsc, tscinvbit, tscinv

Memory: 4k page, physical 16718880k(982920k free), swap 27769148k(2252k free)

vm_info: Java HotSpot(TM) 64-Bit Server VM (25.111-b14) for windows-amd64 JRE (1.8.0_111-b14), built on Sep 22 2016 19:24:05 by "java_re" with MS VC++ 10.0 (VS2010)

time: Fri Jul 17 23:15:25 2020
elapsed time: 28 seconds (0d 0h 0m 28s)

